2021-07-21 15:13:32,714 :: main                        :: INFO  :: {MainClass                :              logStarting():  55} :: Starting MainClass on IN102FNG with PID 4640 (C:\workspace\crc_user_management\baggage-app-api\Root\target\classes started by chauabhi in C:\workspace\crc_user_management\baggage-app-api)
2021-07-21 15:13:32,737 :: main                        :: DEBUG :: {MainClass                :              logStarting():  56} :: Running with Spring Boot v2.3.1.RELEASE, Spring v5.2.7.RELEASE
2021-07-21 15:13:32,740 :: main                        :: INFO  :: {MainClass                :    logStartupProfileInfo(): 651} :: No active profile set, falling back to default profiles: default
2021-07-21 15:13:58,260 :: main                        :: INFO  :: {MainClass                :               logStarted():  61} :: Started MainClass in 26.355 seconds (JVM running for 29.206)
2021-07-21 15:14:24,004 :: http-nio-8085-exec-1        :: DEBUG :: {UserController           :                  getUser():  42} :: Get user details request received
2021-07-21 15:14:25,621 :: http-nio-8085-exec-2        :: DEBUG :: {UserController           :                  getUser():  42} :: Get user details request received
2021-07-21 15:29:30,140 :: http-nio-8085-exec-8        :: DEBUG :: {UserController           :                  getUser():  42} :: Get user details request received
2021-07-21 15:29:31,076 :: http-nio-8085-exec-9        :: DEBUG :: {UserController           :                  getUser():  42} :: Get user details request received
2021-07-21 16:07:13,016 :: http-nio-8085-exec-2        :: DEBUG :: {UserController           :                  getUser():  42} :: Get user details request received
2021-07-21 16:07:14,128 :: http-nio-8085-exec-3        :: DEBUG :: {UserController           :                  getUser():  42} :: Get user details request received
2021-07-21 16:15:18,661 :: http-nio-8085-exec-2        :: DEBUG :: {UserController           :                  getUser():  42} :: Get user details request received
2021-07-21 16:15:20,041 :: http-nio-8085-exec-3        :: DEBUG :: {UserController           :                  getUser():  42} :: Get user details request received
2021-07-21 16:55:55,820 :: http-nio-8085-exec-2        :: DEBUG :: {UserController           :                  getUser():  42} :: Get user details request received
2021-07-21 16:56:22,028 :: http-nio-8085-exec-3        :: DEBUG :: {UserController           :                  getUser():  42} :: Get user details request received
2021-07-21 16:56:50,117 :: http-nio-8085-exec-4        :: DEBUG :: {UserController           :                  getUser():  42} :: Get user details request received
2021-07-21 16:56:54,060 :: http-nio-8085-exec-5        :: DEBUG :: {UserController           :                  getUser():  42} :: Get user details request received
2021-07-21 16:57:08,597 :: http-nio-8085-exec-6        :: DEBUG :: {UserController           :                  getUser():  42} :: Get user details request received
2021-07-21 16:57:08,609 :: http-nio-8085-exec-7        :: DEBUG :: {UserController           :                  getUser():  42} :: Get user details request received
2021-07-21 19:49:36,702 :: http-nio-8085-exec-10       :: DEBUG :: {UserController           :                  getUser():  42} :: Get user details request received
2021-07-21 19:49:38,035 :: http-nio-8085-exec-1        :: DEBUG :: {UserController           :                  getUser():  42} :: Get user details request received
2021-07-21 19:49:39,030 :: http-nio-8085-exec-2        :: DEBUG :: {UserController           :                  getUser():  42} :: Get user details request received
2021-07-21 19:49:39,032 :: http-nio-8085-exec-3        :: DEBUG :: {UserController           :                  getUser():  42} :: Get user details request received
2021-07-21 19:51:05,329 :: http-nio-8085-exec-4        :: DEBUG :: {UserController           :                  getUser():  42} :: Get user details request received
2021-07-21 19:51:36,170 :: http-nio-8085-exec-5        :: DEBUG :: {UserController           :                  getUser():  42} :: Get user details request received
2021-07-21 19:51:49,602 :: http-nio-8085-exec-6        :: DEBUG :: {UserController           :                  getUser():  42} :: Get user details request received
2021-07-21 19:51:53,305 :: http-nio-8085-exec-7        :: DEBUG :: {UserController           :                  getUser():  42} :: Get user details request received
